<?xml version="1.0" encoding="UTF-8"?>
<!-- Generated by org.testng.reporters.JUnitReportReporter -->
<testsuite hostname="DESKTOP-4QG5HHP" failures="0" tests="4" name="com.spotify.tests.PlaylistWithReusbaleCalls" time="7.159" errors="0" timestamp="2024-01-28T17:09:53 IST" skipped="0">
  <testcase classname="com.spotify.tests.PlaylistWithReusbaleCalls" name="createPlaylist" time="5.005"/>
  <system-out/>
  <testcase classname="com.spotify.tests.PlaylistWithReusbaleCalls" name="getAPlaylist" time="0.843"/>
  <system-out/>
  <testcase classname="com.spotify.tests.PlaylistWithReusbaleCalls" name="updateAPlaylist" time="0.985"/>
  <system-out/>
  <testcase classname="com.spotify.tests.PlaylistWithReusbaleCalls" name="shouldNotbeAuthorized" time="0.326"/>
  <system-out/>
</testsuite> <!-- com.spotify.tests.PlaylistWithReusbaleCalls -->
