<?xml version="1.0" encoding="UTF-8"?>
<!-- Generated by org.testng.reporters.JUnitReportReporter -->
<testsuite hostname="DESKTOP-4QG5HHP" failures="0" tests="4" name="com.weatherapi.tests.GetWeatherDataForSpecificCity" time="7.128" errors="0" timestamp="2024-05-21T07:52:42 IST" skipped="3">
  <testcase classname="com.weatherapi.tests.GetWeatherDataForSpecificCity" name="ValidateRetrivingTheWeatherForcastForFiveDayaForSpecificCity" time="7.128"/>
  <system-out/>
  <testcase classname="com.weatherapi.tests.GetWeatherDataForSpecificCity" name="validateAPIWithQueringInvalidCityName">
    <skipped/>
  </testcase> <!-- validateAPIWithQueringInvalidCityName -->
  <system-out/>
  <testcase classname="com.weatherapi.tests.GetWeatherDataForSpecificCity" name="getWeatherDetailsForSpecificCity">
    <skipped/>
  </testcase> <!-- getWeatherDetailsForSpecificCity -->
  <system-out/>
  <testcase classname="com.weatherapi.tests.GetWeatherDataForSpecificCity" name="validateAPIWithQueringInvalidAPIKey">
    <skipped/>
  </testcase> <!-- validateAPIWithQueringInvalidAPIKey -->
  <system-out/>
</testsuite> <!-- com.weatherapi.tests.GetWeatherDataForSpecificCity -->
