<?xml version="1.0" encoding="UTF-8"?>
<!-- Generated by org.testng.reporters.JUnitReportReporter -->
<testsuite hostname="DESKTOP-4QG5HHP" failures="0" tests="2" name="com.spotify.tests.CreatePlaylist" time="4.711" errors="0" timestamp="2024-05-21T02:06:21 IST" skipped="1">
  <testcase classname="com.spotify.tests.CreatePlaylist" name="getWeatherDetailsForSpecificCity" time="4.711"/>
  <system-out/>
  <testcase classname="com.spotify.tests.CreatePlaylist" name="getAPlaylist">
    <skipped/>
  </testcase> <!-- getAPlaylist -->
  <system-out/>
</testsuite> <!-- com.spotify.tests.CreatePlaylist -->
